#
# There is insufficient memory for the Java Runtime Environment to continue.
# Native memory allocation (mmap) failed to map 58720256 bytes for G1 virtual space
# Possible reasons:
#   The system is out of physical RAM or swap space
#   The process is running with CompressedOops enabled, and the Java Heap may be blocking the growth of the native heap
# Possible solutions:
#   Reduce memory load on the system
#   Increase physical memory or swap space
#   Check if swap backing store is full
#   Decrease Java heap size (-Xmx/-Xms)
#   Decrease number of Java threads
#   Decrease Java thread stack sizes (-Xss)
#   Set larger code cache with -XX:ReservedCodeCacheSize=
#   JVM is running with Unscaled Compressed Oops mode in which the Java heap is
#     placed in the first 4GB address space. The Java Heap base address is the
#     maximum limit for the native heap growth. Please use -XX:HeapBaseMinAddress
#     to set the Java Heap base and to place the Java Heap above 4GB virtual address.
# This output file may be truncated or incomplete.
#
#  Out of Memory Error (os_windows.cpp:3466), pid=45860, tid=45120
#
# JRE version:  (16.0.2+7) (build )
# Java VM: OpenJDK 64-Bit Server VM (16.0.2+7, mixed mode, sharing, tiered, compressed oops, compressed class ptrs, g1 gc, windows-amd64)
# No core dump will be written. Minidumps are not enabled by default on client versions of Windows
#

---------------  S U M M A R Y ------------

Command Line: -XX:TieredStopAtLevel=1 -Xverify:none -Dspring.output.ansi.enabled=always -Dcom.sun.management.jmxremote -Dspring.jmx.enabled=true -Dspring.liveBeansView.mbeanDomain -Dspring.application.admin.enabled=true -javaagent:C:\Program Files\JetBrains\IntelliJ IDEA 2022.1.3\lib\idea_rt.jar=51370:C:\Program Files\JetBrains\IntelliJ IDEA 2022.1.3\bin -Dfile.encoding=UTF-8 com.example.start.StartApplication

Host: Intel(R) Core(TM) i5-4310U CPU @ 2.00GHz, 4 cores, 3G,  Windows 10 , 64 bit Build 19041 (10.0.19041.1889)
Time: Sat Aug 13 21:54:53 2022 Arabian Standard Time elapsed time: 0.025259 seconds (0d 0h 0m 0s)

---------------  T H R E A D  ---------------

Current thread (0x0000021ea9929810):  JavaThread "Unknown thread" [_thread_in_vm, id=45120, stack(0x0000006121900000,0x0000006121a00000)]

Stack: [0x0000006121900000,0x0000006121a00000]
Native frames: (J=compiled Java code, j=interpreted, Vv=VM code, C=native code)
V  [jvm.dll+0x647e0a]
V  [jvm.dll+0x7f0549]
V  [jvm.dll+0x7f1cfe]
V  [jvm.dll+0x7f2343]
V  [jvm.dll+0x23dd88]
V  [jvm.dll+0x644b4a]
V  [jvm.dll+0x639795]
V  [jvm.dll+0x2f66f9]
V  [jvm.dll+0x2fd516]
V  [jvm.dll+0x34999a]
V  [jvm.dll+0x349bdf]
V  [jvm.dll+0x2cc918]
V  [jvm.dll+0x2cdb49]
V  [jvm.dll+0x7c4431]
V  [jvm.dll+0x356ee1]
V  [jvm.dll+0x7a30b0]
V  [jvm.dll+0x3d4c55]
V  [jvm.dll+0x3d69f1]
C  [jli.dll+0x5243]
C  [ucrtbase.dll+0x21bb2]
C  [KERNEL32.DLL+0x17034]
C  [ntdll.dll+0x52651]


---------------  P R O C E S S  ---------------

Threads class SMR info:
_java_thread_list=0x00007ff9165373d8, length=0, elements={
}

Java Threads: ( => current thread )

Other Threads:
  0x0000021ea9957470 GCTaskThread "GC Thread#0" [stack: 0x0000006121a00000,0x0000006121b00000] [id=45844]
  0x0000021ea995f270 ConcurrentGCThread "G1 Main Marker" [stack: 0x0000006121b00000,0x0000006121c00000] [id=45520]
  0x0000021ea995fce0 ConcurrentGCThread "G1 Conc#0" [stack: 0x0000006121c00000,0x0000006121d00000] [id=7228]

[error occurred during error reporting (printing all threads), id 0xc0000005, EXCEPTION_ACCESS_VIOLATION (0xc0000005) at pc=0x00007ff915cae207]

VM state: not at safepoint (not fully initialized)

VM Mutex/Monitor currently owned by a thread:  ([mutex/lock_event])
[0x0000021ea9926580] Heap_lock - owner thread: 0x0000021ea9929810

Heap address: 0x00000000c9200000, size: 878 MB, Compressed Oops mode: 32-bit

CDS archive(s) mapped at: [0x0000000000000000-0x0000000000000000-0x0000000000000000), size 0, SharedBaseAddress: 0x0000000800000000, ArchiveRelocationMode: 0.
Narrow klass base: 0x0000000000000000, Narrow klass shift: 0, Narrow klass range: 0x0

GC Precious Log:
<Empty>

Heap:
 garbage-first heap   total 0K, used 0K [0x00000000c9200000, 0x0000000100000000)
  region size 1024K, 0 young (0K), 0 survivors (0K)

[error occurred during error reporting (printing heap information), id 0xc0000005, EXCEPTION_ACCESS_VIOLATION (0xc0000005) at pc=0x00007ff91606ff7d]

GC Heap History (0 events):
No events

Deoptimization events (0 events):
No events

Classes unloaded (0 events):
No events

Classes redefined (0 events):
No events

Internal exceptions (0 events):
No events

Events (1 events):
Event: 0.017 Loaded shared library C:\Users\FazalHaroon\.jdks\corretto-16.0.2\bin\java.dll


Dynamic libraries:
0x00007ff6cc4a0000 - 0x00007ff6cc4ad000 	C:\Users\FazalHaroon\.jdks\corretto-16.0.2\bin\java.exe
0x00007ff965650000 - 0x00007ff965848000 	C:\Windows\SYSTEM32\ntdll.dll
0x00007ff9640e0000 - 0x00007ff96419d000 	C:\Windows\System32\KERNEL32.DLL
0x00007ff962e50000 - 0x00007ff96311e000 	C:\Windows\System32\KERNELBASE.dll
0x00007ff9632e0000 - 0x00007ff9633e0000 	C:\Windows\System32\ucrtbase.dll
0x00007ff93f0c0000 - 0x00007ff93f0d5000 	C:\Users\FazalHaroon\.jdks\corretto-16.0.2\bin\VCRUNTIME140.dll
0x00007ff93f220000 - 0x00007ff93f238000 	C:\Users\FazalHaroon\.jdks\corretto-16.0.2\bin\jli.dll
0x00007ff963bc0000 - 0x00007ff963d60000 	C:\Windows\System32\USER32.dll
0x00007ff955e00000 - 0x00007ff95609a000 	C:\Windows\WinSxS\amd64_microsoft.windows.common-controls_6595b64144ccf1df_6.0.19041.1110_none_60b5254171f9507e\COMCTL32.dll
0x00007ff963450000 - 0x00007ff963472000 	C:\Windows\System32\win32u.dll
0x00007ff9641b0000 - 0x00007ff96424e000 	C:\Windows\System32\msvcrt.dll
0x00007ff963a80000 - 0x00007ff963aaa000 	C:\Windows\System32\GDI32.dll
0x00007ff963120000 - 0x00007ff96322b000 	C:\Windows\System32\gdi32full.dll
0x00007ff963610000 - 0x00007ff9636ad000 	C:\Windows\System32\msvcp_win.dll
0x00007ff964320000 - 0x00007ff964350000 	C:\Windows\System32\IMM32.DLL
0x00007ff93e640000 - 0x00007ff93e6db000 	C:\Users\FazalHaroon\.jdks\corretto-16.0.2\bin\msvcp140.dll
0x00007ff9159d0000 - 0x00007ff9165d9000 	C:\Users\FazalHaroon\.jdks\corretto-16.0.2\bin\server\jvm.dll
0x00007ff9646e0000 - 0x00007ff96478e000 	C:\Windows\System32\ADVAPI32.dll
0x00007ff964640000 - 0x00007ff9646dc000 	C:\Windows\System32\sechost.dll
0x00007ff963d60000 - 0x00007ff963e85000 	C:\Windows\System32\RPCRT4.dll
0x00007ff9641a0000 - 0x00007ff9641a8000 	C:\Windows\System32\PSAPI.DLL
0x00007ff950e60000 - 0x00007ff950e69000 	C:\Windows\SYSTEM32\WSOCK32.dll
0x00007ff9560f0000 - 0x00007ff956117000 	C:\Windows\SYSTEM32\WINMM.dll
0x00007ff965540000 - 0x00007ff9655ab000 	C:\Windows\System32\WS2_32.dll
0x00007ff9574e0000 - 0x00007ff9574ea000 	C:\Windows\SYSTEM32\VERSION.dll
0x00007ff960c30000 - 0x00007ff960c42000 	C:\Windows\SYSTEM32\kernel.appcore.dll
0x00007ff956650000 - 0x00007ff95665a000 	C:\Users\FazalHaroon\.jdks\corretto-16.0.2\bin\jimage.dll
0x00007ff951680000 - 0x00007ff951864000 	C:\Windows\SYSTEM32\DBGHELP.DLL
0x00007ff951570000 - 0x00007ff95159c000 	C:\Windows\SYSTEM32\dbgcore.DLL
0x00007ff962d70000 - 0x00007ff962df2000 	C:\Windows\System32\bcryptPrimitives.dll
0x00007ff956660000 - 0x00007ff95666e000 	C:\Users\FazalHaroon\.jdks\corretto-16.0.2\bin\instrument.dll
0x00007ff93ecd0000 - 0x00007ff93ecf5000 	C:\Users\FazalHaroon\.jdks\corretto-16.0.2\bin\java.dll

dbghelp: loaded successfully - version: 4.0.5 - missing functions: none
symbol engine: initialized successfully - sym options: 0x614 - pdb path: .;C:\Users\FazalHaroon\.jdks\corretto-16.0.2\bin;C:\Windows\SYSTEM32;C:\Windows\WinSxS\amd64_microsoft.windows.common-controls_6595b64144ccf1df_6.0.19041.1110_none_60b5254171f9507e;C:\Users\FazalHaroon\.jdks\corretto-16.0.2\bin\server

VM Arguments:
jvm_args: -XX:TieredStopAtLevel=1 -Xverify:none -Dspring.output.ansi.enabled=always -Dcom.sun.management.jmxremote -Dspring.jmx.enabled=true -Dspring.liveBeansView.mbeanDomain -Dspring.application.admin.enabled=true -javaagent:C:\Program Files\JetBrains\IntelliJ IDEA 2022.1.3\lib\idea_rt.jar=51370:C:\Program Files\JetBrains\IntelliJ IDEA 2022.1.3\bin -Dfile.encoding=UTF-8 
java_command: com.example.start.StartApplication
java_class_path (initial): C:\Users\FazalHaroon\IdeaProjects\start\target\classes;C:\Users\FazalHaroon\.m2\repository\org\springframework\boot\spring-boot-starter-web\2.7.2\spring-boot-starter-web-2.7.2.jar;C:\Users\FazalHaroon\.m2\repository\org\springframework\boot\spring-boot-starter\2.7.2\spring-boot-starter-2.7.2.jar;C:\Users\FazalHaroon\.m2\repository\org\springframework\boot\spring-boot\2.7.2\spring-boot-2.7.2.jar;C:\Users\FazalHaroon\.m2\repository\org\springframework\boot\spring-boot-autoconfigure\2.7.2\spring-boot-autoconfigure-2.7.2.jar;C:\Users\FazalHaroon\.m2\repository\org\springframework\boot\spring-boot-starter-logging\2.7.2\spring-boot-starter-logging-2.7.2.jar;C:\Users\FazalHaroon\.m2\repository\ch\qos\logback\logback-classic\1.2.11\logback-classic-1.2.11.jar;C:\Users\FazalHaroon\.m2\repository\ch\qos\logback\logback-core\1.2.11\logback-core-1.2.11.jar;C:\Users\FazalHaroon\.m2\repository\org\apache\logging\log4j\log4j-to-slf4j\2.17.2\log4j-to-slf4j-2.17.2.jar;C:\Users\FazalHaroon\.m2\repository\org\apache\logging\log4j\log4j-api\2.17.2\log4j-api-2.17.2.jar;C:\Users\FazalHaroon\.m2\repository\org\slf4j\jul-to-slf4j\1.7.36\jul-to-slf4j-1.7.36.jar;C:\Users\FazalHaroon\.m2\repository\jakarta\annotation\jakarta.annotation-api\1.3.5\jakarta.annotation-api-1.3.5.jar;C:\Users\FazalHaroon\.m2\repository\org\yaml\snakeyaml\1.30\snakeyaml-1.30.jar;C:\Users\FazalHaroon\.m2\repository\org\springframework\boot\spring-boot-starter-json\2.7.2\spring-boot-starter-json-2.7.2.jar;C:\Users\FazalHaroon\.m2\repository\com\fasterxml\jackson\core\jackson-databind\2.13.3\jackson-databind-2.13.3.jar;C:\Users\FazalHaroon\.m2\repository\com\fasterxml\jackson\core\jackson-annotations\2.13.3\jackson-annotations-2.13.3.jar;C:\Users\FazalHaroon\.m2\repository\com\fasterxml\jackson\core\jackson-core\2.13.3\jackson-core-2.13.3.jar;C:\Users\FazalHaroon\.m2\repository\com\fasterxml\jackson\datatype\jackson-datatype-jdk8\2.13.3\jackson-datatype-jdk8-2.13.3.jar;C:\Users\FazalHaroon\.
Launcher Type: SUN_STANDARD

[Global flags]
     intx CICompilerCount                          = 3                                         {product} {ergonomic}
     uint ConcGCThreads                            = 1                                         {product} {ergonomic}
     uint G1ConcRefinementThreads                  = 4                                         {product} {ergonomic}
   size_t G1HeapRegionSize                         = 1048576                                   {product} {ergonomic}
    uintx GCDrainStackTargetSize                   = 64                                        {product} {ergonomic}
   size_t InitialHeapSize                          = 58720256                                  {product} {ergonomic}
     bool ManagementServer                         = true                                      {product} {command line}
   size_t MarkStackSize                            = 4194304                                   {product} {ergonomic}
   size_t MaxHeapSize                              = 920649728                                 {product} {ergonomic}
   size_t MinHeapDeltaBytes                        = 1048576                                   {product} {ergonomic}
   size_t MinHeapSize                              = 8388608                                   {product} {ergonomic}
    uintx NonNMethodCodeHeapSize                   = 6973028                                {pd product} {ergonomic}
    uintx NonProfiledCodeHeapSize                  = 244685212                              {pd product} {ergonomic}
    uintx ProfiledCodeHeapSize                     = 0                                      {pd product} {ergonomic}
    uintx ReservedCodeCacheSize                    = 251658240                              {pd product} {ergonomic}
     bool SegmentedCodeCache                       = true                                      {product} {ergonomic}
   size_t SoftMaxHeapSize                          = 920649728                              {manageable} {ergonomic}
     intx TieredStopAtLevel                        = 1                                         {product} {command line}
     bool UseCompressedClassPointers               = true                           {product lp64_product} {ergonomic}
     bool UseCompressedOops                        = true                           {product lp64_product} {ergonomic}
     bool UseG1GC                                  = true                                      {product} {ergonomic}
     bool UseLargePagesIndividualAllocation        = false                                  {pd product} {ergonomic}

Logging:
Log output configuration:
 #0: stdout all=warning uptime,level,tags
 #1: stderr all=off uptime,level,tags

Environment Variables:
PATH=C:\Program Files (x86)\Common Files\Oracle\Java\javapath;C:\Windows\system32;C:\Windows;C:\Windows\System32\Wbem;C:\Windows\System32\WindowsPowerShell\v1.0\;C:\Windows\System32\OpenSSH\;C:\Program Files\nodejs\;C:\Program Files\Git\cmd;C:\Program Files\Docker\Docker\resources\bin;C:\ProgramData\DockerDesktop\version-bin;C:\Users\FazalHaroon\AppData\Local\Microsoft\WindowsApps;;C:\Users\FazalHaroon\AppData\Local\Programs\Microsoft VS Code\bin;C:\Users\FazalHaroon\AppData\Roaming\npm
USERNAME=FazalHaroon
OS=Windows_NT
PROCESSOR_IDENTIFIER=Intel64 Family 6 Model 69 Stepping 1, GenuineIntel



---------------  S Y S T E M  ---------------

OS:
 Windows 10 , 64 bit Build 19041 (10.0.19041.1889)
OS uptime: 0 days 4:11 hours
Hyper-V role detected

CPU: total 4 (initial active 4) (2 cores per cpu, 2 threads per core) family 6 model 69 stepping 1 microcode 0x25, cx8, cmov, fxsr, ht, mmx, sse, sse2, sse3, ssse3, sse4.1, sse4.2, popcnt, lzcnt, tsc, tscinvbit, avx, avx2, aes, erms, clmul, bmi1, bmi2, fma, vzeroupper, clflush, hv

Memory: 4k page, system-wide physical 3507M (224M free)
TotalPageFile size 14259M (AvailPageFile size 55M)
current process WorkingSet (physical memory assigned to process): 9M, peak: 9M
current process commit charge ("private bytes"): 49M, peak: 105M

vm_info: OpenJDK 64-Bit Server VM (16.0.2+7) for windows-amd64 JRE (16.0.2+7), built on Jul 22 2021 01:11:46 by "Administrator" with MS VC++ 15.9 (VS2017)

END.
